{"name": "test_login[soorya-choti]", "status": "failed", "statusDetails": {"message": "AssertionError: assert 1 == 2", "trace": "username = 'soorya', password = 'choti', chrome_browser = <selenium.webdriver.chrome.webdriver.WebDriver (session=\"21ba301a413c4fdf2325317d028a9152\")>\n\n    @pytest.mark.usefixtures(\"log_on_failure\")\n    @pytest.mark.parametrize(\"username,password\",get_data())\n    def test_login(username,password,chrome_browser):\n        driver = chrome_browser\n        driver.find_element_by_id(\"email\").send_keys(\"username\")\n        driver.find_element_by_id(\"pass\").send_keys(\"password\")\n        #allure.attach(driver.get_screenshot_as_png(),name=\"dologin\", attachment_type=AttachmentType.PNG)\n>       assert 1 == 2\nE       assert 1 == 2\n\ntest_webdriver_integration.py:28: AssertionError"}, "parameters": [{"name": "username", "value": "'soorya'"}, {"name": "password", "value": "'choti'"}], "start": 1656593143865, "stop": 1656593143974, "uuid": "31224dae-5e51-4608-a93c-cc821ce0e6c3", "historyId": "7b681ab6c67f88fe81ae2be319762e2c", "testCaseId": "b79f71b0fc26592285a3c9e9e27c1dd0", "fullName": "test_webdriver_integration#test_login", "labels": [{"name": "tag", "value": "@pytest.mark.usefixtures('log_on_failure')"}, {"name": "suite", "value": "test_webdriver_integration"}, {"name": "host", "value": "LAPTOP-A66B7O37"}, {"name": "thread", "value": "12276-MainThread"}, {"name": "framework", "value": "pytest"}, {"name": "language", "value": "cpython3"}, {"name": "package", "value": "test_webdriver_integration"}]}