{"name": "test_login[trainer@way2automation.com-abcd]", "status": "failed", "statusDetails": {"message": "AssertionError: assert 1 == 2", "trace": "username = 'trainer@way2automation.com', password = 'abcd', chrome_browser = <selenium.webdriver.chrome.webdriver.WebDriver (session=\"21ba301a413c4fdf2325317d028a9152\")>\n\n    @pytest.mark.usefixtures(\"log_on_failure\")\n    @pytest.mark.parametrize(\"username,password\",get_data())\n    def test_login(username,password,chrome_browser):\n        driver = chrome_browser\n        driver.find_element_by_id(\"email\").send_keys(\"username\")\n        driver.find_element_by_id(\"pass\").send_keys(\"password\")\n        #allure.attach(driver.get_screenshot_as_png(),name=\"dologin\", attachment_type=AttachmentType.PNG)\n>       assert 1 == 2\nE       assert 1 == 2\n\ntest_webdriver_integration.py:28: AssertionError"}, "attachments": [{"name": "log", "source": "0293e3ba-3315-486b-85fd-1a5a17b12ab7-attachment.txt", "type": "text/plain"}], "parameters": [{"name": "username", "value": "'trainer@way2automation.com'"}, {"name": "password", "value": "'abcd'"}], "start": 1656593143474, "stop": 1656593143619, "uuid": "0af4ce13-4829-422d-9f73-a159c9914f17", "historyId": "76265f844ec860cff99b9c69e92179be", "testCaseId": "b79f71b0fc26592285a3c9e9e27c1dd0", "fullName": "test_webdriver_integration#test_login", "labels": [{"name": "tag", "value": "@pytest.mark.usefixtures('log_on_failure')"}, {"name": "suite", "value": "test_webdriver_integration"}, {"name": "host", "value": "LAPTOP-A66B7O37"}, {"name": "thread", "value": "12276-MainThread"}, {"name": "framework", "value": "pytest"}, {"name": "language", "value": "cpython3"}, {"name": "package", "value": "test_webdriver_integration"}]}